"Deploying ASA: minimumASA1":
    asset-index: 6
    confirmed-round: 1426
    pool-error: ""
    txn:
        sig:
            type: Buffer
            data:
                - 6
                - 92
                - 224
                - 159
                - 221
                - 44
                - 102
                - 82
                - 182
                - 70
                - 250
                - 170
                - 0
                - 36
                - 131
                - 170
                - 65
                - 117
                - 234
                - 7
                - 98
                - 129
                - 246
                - 110
                - 155
                - 194
                - 16
                - 145
                - 234
                - 140
                - 239
                - 16
                - 164
                - 218
                - 179
                - 113
                - 76
                - 150
                - 45
                - 23
                - 157
                - 228
                - 166
                - 149
                - 0
                - 117
                - 6
                - 162
                - 142
                - 138
                - 114
                - 38
                - 228
                - 36
                - 144
                - 60
                - 60
                - 247
                - 24
                - 59
                - 38
                - 150
                - 82
                - 3
        txn:
            apar:
                an: minimumASA1
                t: 1
                un: unitName
            fee: 2290
            fv: 1424
            gen: sandnet-v1
            gh:
                type: Buffer
                data:
                    - 169
                    - 82
                    - 148
                    - 150
                    - 211
                    - 137
                    - 235
                    - 102
                    - 167
                    - 83
                    - 20
                    - 116
                    - 71
                    - 253
                    - 92
                    - 96
                    - 209
                    - 115
                    - 229
                    - 173
                    - 111
                    - 83
                    - 19
                    - 156
                    - 155
                    - 144
                    - 80
                    - 131
                    - 83
                    - 107
                    - 82
                    - 208
            lv: 2424
            snd:
                type: Buffer
                data:
                    - 111
                    - 51
                    - 246
                    - 133
                    - 142
                    - 28
                    - 12
                    - 15
                    - 51
                    - 218
                    - 96
                    - 66
                    - 121
                    - 38
                    - 122
                    - 205
                    - 248
                    - 192
                    - 150
                    - 60
                    - 238
                    - 115
                    - 206
                    - 172
                    - 4
                    - 14
                    - 46
                    - 100
                    - 234
                    - 147
                    - 115
                    - 164
            type: acfg
