"Deploying ASA: allFieldASA":
    asset-index: 7
    confirmed-round: 1428
    pool-error: ""
    txn:
        sig:
            type: Buffer
            data:
                - 231
                - 182
                - 211
                - 8
                - 5
                - 205
                - 186
                - 238
                - 111
                - 221
                - 134
                - 206
                - 77
                - 152
                - 30
                - 13
                - 183
                - 198
                - 138
                - 214
                - 55
                - 47
                - 184
                - 195
                - 160
                - 115
                - 245
                - 85
                - 192
                - 48
                - 29
                - 33
                - 28
                - 95
                - 62
                - 224
                - 255
                - 197
                - 45
                - 42
                - 244
                - 6
                - 17
                - 53
                - 192
                - 224
                - 168
                - 77
                - 240
                - 149
                - 120
                - 165
                - 143
                - 13
                - 202
                - 201
                - 52
                - 141
                - 43
                - 241
                - 209
                - 119
                - 74
                - 10
        txn:
            apar:
                am:
                    type: Buffer
                    data:
                        - 49
                        - 50
                        - 51
                        - 49
                        - 50
                        - 52
                        - 52
                        - 50
                        - 49
                        - 52
                        - 50
                        - 49
                        - 52
                        - 49
                        - 50
                        - 52
                        - 49
                        - 50
                        - 52
                        - 52
                        - 52
                        - 52
                        - 52
                        - 52
                        - 49
                        - 49
                        - 49
                        - 49
                        - 49
                        - 49
                        - 51
                        - 51
                an: allFieldASA
                au: url
                c:
                    type: Buffer
                    data:
                        - 181
                        - 176
                        - 219
                        - 238
                        - 106
                        - 134
                        - 42
                        - 72
                        - 146
                        - 178
                        - 183
                        - 161
                        - 7
                        - 238
                        - 87
                        - 145
                        - 92
                        - 34
                        - 110
                        - 74
                        - 164
                        - 136
                        - 138
                        - 167
                        - 248
                        - 1
                        - 168
                        - 242
                        - 0
                        - 77
                        - 71
                        - 104
                df: true
                f:
                    type: Buffer
                    data:
                        - 181
                        - 176
                        - 219
                        - 238
                        - 106
                        - 134
                        - 42
                        - 72
                        - 146
                        - 178
                        - 183
                        - 161
                        - 7
                        - 238
                        - 87
                        - 145
                        - 92
                        - 34
                        - 110
                        - 74
                        - 164
                        - 136
                        - 138
                        - 167
                        - 248
                        - 1
                        - 168
                        - 242
                        - 0
                        - 77
                        - 71
                        - 104
                m:
                    type: Buffer
                    data:
                        - 181
                        - 176
                        - 219
                        - 238
                        - 106
                        - 134
                        - 42
                        - 72
                        - 146
                        - 178
                        - 183
                        - 161
                        - 7
                        - 238
                        - 87
                        - 145
                        - 92
                        - 34
                        - 110
                        - 74
                        - 164
                        - 136
                        - 138
                        - 167
                        - 248
                        - 1
                        - 168
                        - 242
                        - 0
                        - 77
                        - 71
                        - 104
                r:
                    type: Buffer
                    data:
                        - 181
                        - 176
                        - 219
                        - 238
                        - 106
                        - 134
                        - 42
                        - 72
                        - 146
                        - 178
                        - 183
                        - 161
                        - 7
                        - 238
                        - 87
                        - 145
                        - 92
                        - 34
                        - 110
                        - 74
                        - 164
                        - 136
                        - 138
                        - 167
                        - 248
                        - 1
                        - 168
                        - 242
                        - 0
                        - 77
                        - 71
                        - 104
                t: 1
                un: unitName
            fee: 4350
            fv: 1426
            gen: sandnet-v1
            gh:
                type: Buffer
                data:
                    - 169
                    - 82
                    - 148
                    - 150
                    - 211
                    - 137
                    - 235
                    - 102
                    - 167
                    - 83
                    - 20
                    - 116
                    - 71
                    - 253
                    - 92
                    - 96
                    - 209
                    - 115
                    - 229
                    - 173
                    - 111
                    - 83
                    - 19
                    - 156
                    - 155
                    - 144
                    - 80
                    - 131
                    - 83
                    - 107
                    - 82
                    - 208
            lv: 2426
            note:
                type: Buffer
                data:
                    - 110
                    - 111
                    - 116
                    - 101
                    - 98
                    - 54
                    - 52
            snd:
                type: Buffer
                data:
                    - 111
                    - 51
                    - 246
                    - 133
                    - 142
                    - 28
                    - 12
                    - 15
                    - 51
                    - 218
                    - 96
                    - 66
                    - 121
                    - 38
                    - 122
                    - 205
                    - 248
                    - 192
                    - 150
                    - 60
                    - 238
                    - 115
                    - 206
                    - 172
                    - 4
                    - 14
                    - 46
                    - 100
                    - 234
                    - 147
                    - 115
                    - 164
            type: acfg
