"Deploying ASA: minimumASA":
    asset-index: 5
    confirmed-round: 1424
    pool-error: ""
    sender-rewards: 140000000000
    txn:
        sig:
            type: Buffer
            data:
                - 93
                - 140
                - 255
                - 154
                - 114
                - 242
                - 26
                - 86
                - 249
                - 157
                - 97
                - 149
                - 211
                - 191
                - 101
                - 21
                - 103
                - 118
                - 96
                - 115
                - 190
                - 6
                - 99
                - 161
                - 100
                - 85
                - 103
                - 43
                - 198
                - 78
                - 83
                - 231
                - 152
                - 54
                - 74
                - 120
                - 135
                - 25
                - 167
                - 129
                - 142
                - 168
                - 15
                - 39
                - 178
                - 168
                - 177
                - 89
                - 121
                - 71
                - 104
                - 52
                - 218
                - 142
                - 110
                - 251
                - 35
                - 143
                - 4
                - 63
                - 180
                - 80
                - 189
                - 5
        txn:
            apar:
                an: minimumASA
                t: 1
                un: unitName
            fee: 230000
            fv: 1422
            gen: sandnet-v1
            gh:
                type: Buffer
                data:
                    - 169
                    - 82
                    - 148
                    - 150
                    - 211
                    - 137
                    - 235
                    - 102
                    - 167
                    - 83
                    - 20
                    - 116
                    - 71
                    - 253
                    - 92
                    - 96
                    - 209
                    - 115
                    - 229
                    - 173
                    - 111
                    - 83
                    - 19
                    - 156
                    - 155
                    - 144
                    - 80
                    - 131
                    - 83
                    - 107
                    - 82
                    - 208
            lv: 2422
            snd:
                type: Buffer
                data:
                    - 111
                    - 51
                    - 246
                    - 133
                    - 142
                    - 28
                    - 12
                    - 15
                    - 51
                    - 218
                    - 96
                    - 66
                    - 121
                    - 38
                    - 122
                    - 205
                    - 248
                    - 192
                    - 150
                    - 60
                    - 238
                    - 115
                    - 206
                    - 172
                    - 4
                    - 14
                    - 46
                    - 100
                    - 234
                    - 147
                    - 115
                    - 164
            type: acfg
