"Funding Contract: II75XSDNKLRIZ2SNP3S6CAWI7CO2GNB4HSWFRUNL67UUIQ6PPZ3TOSG3BE\nLsig: fee-check.teal":
    confirmed-round: 1430
    pool-error: ""
    txn:
        sig:
            type: Buffer
            data:
                - 233
                - 250
                - 244
                - 164
                - 114
                - 195
                - 251
                - 158
                - 182
                - 58
                - 150
                - 63
                - 247
                - 77
                - 98
                - 157
                - 227
                - 104
                - 194
                - 206
                - 39
                - 157
                - 24
                - 26
                - 141
                - 41
                - 162
                - 8
                - 84
                - 33
                - 182
                - 104
                - 1
                - 190
                - 195
                - 153
                - 183
                - 18
                - 6
                - 57
                - 228
                - 215
                - 10
                - 98
                - 92
                - 177
                - 118
                - 175
                - 95
                - 163
                - 219
                - 195
                - 144
                - 90
                - 70
                - 191
                - 75
                - 10
                - 103
                - 94
                - 237
                - 161
                - 36
                - 1
        txn:
            amt: 20000000
            fee: 241000
            fv: 1428
            gen: sandnet-v1
            gh:
                type: Buffer
                data:
                    - 169
                    - 82
                    - 148
                    - 150
                    - 211
                    - 137
                    - 235
                    - 102
                    - 167
                    - 83
                    - 20
                    - 116
                    - 71
                    - 253
                    - 92
                    - 96
                    - 209
                    - 115
                    - 229
                    - 173
                    - 111
                    - 83
                    - 19
                    - 156
                    - 155
                    - 144
                    - 80
                    - 131
                    - 83
                    - 107
                    - 82
                    - 208
            lv: 2428
            rcv:
                type: Buffer
                data:
                    - 66
                    - 63
                    - 219
                    - 200
                    - 109
                    - 82
                    - 226
                    - 140
                    - 234
                    - 77
                    - 126
                    - 229
                    - 225
                    - 2
                    - 200
                    - 248
                    - 157
                    - 163
                    - 52
                    - 60
                    - 60
                    - 172
                    - 88
                    - 209
                    - 171
                    - 247
                    - 233
                    - 68
                    - 67
                    - 207
                    - 126
                    - 119
            snd:
                type: Buffer
                data:
                    - 111
                    - 51
                    - 246
                    - 133
                    - 142
                    - 28
                    - 12
                    - 15
                    - 51
                    - 218
                    - 96
                    - 66
                    - 121
                    - 38
                    - 122
                    - 205
                    - 248
                    - 192
                    - 150
                    - 60
                    - 238
                    - 115
                    - 206
                    - 172
                    - 4
                    - 14
                    - 46
                    - 100
                    - 234
                    - 147
                    - 115
                    - 164
            type: pay
