"Funding Contract: GN5VUIE4D7WCYFLZK5LPQCL4Z66Y2RIIVCUG3U7FK4W5TKQSLK2G7V6TGY\nLsig: escrow.py":
    confirmed-round: 1432
    pool-error: ""
    txn:
        sig:
            type: Buffer
            data:
                - 108
                - 166
                - 33
                - 202
                - 186
                - 100
                - 10
                - 34
                - 9
                - 71
                - 245
                - 190
                - 109
                - 195
                - 77
                - 218
                - 169
                - 47
                - 135
                - 100
                - 125
                - 215
                - 117
                - 209
                - 252
                - 165
                - 47
                - 67
                - 113
                - 159
                - 202
                - 73
                - 125
                - 61
                - 130
                - 32
                - 241
                - 204
                - 216
                - 84
                - 74
                - 190
                - 81
                - 192
                - 25
                - 106
                - 123
                - 140
                - 167
                - 111
                - 144
                - 237
                - 72
                - 185
                - 139
                - 149
                - 213
                - 11
                - 171
                - 91
                - 86
                - 84
                - 58
                - 0
        txn:
            amt: 20000000
            fee: 241000
            fv: 1430
            gen: sandnet-v1
            gh:
                type: Buffer
                data:
                    - 169
                    - 82
                    - 148
                    - 150
                    - 211
                    - 137
                    - 235
                    - 102
                    - 167
                    - 83
                    - 20
                    - 116
                    - 71
                    - 253
                    - 92
                    - 96
                    - 209
                    - 115
                    - 229
                    - 173
                    - 111
                    - 83
                    - 19
                    - 156
                    - 155
                    - 144
                    - 80
                    - 131
                    - 83
                    - 107
                    - 82
                    - 208
            lv: 2430
            rcv:
                type: Buffer
                data:
                    - 51
                    - 123
                    - 90
                    - 32
                    - 156
                    - 31
                    - 236
                    - 44
                    - 21
                    - 121
                    - 87
                    - 86
                    - 248
                    - 9
                    - 124
                    - 207
                    - 189
                    - 141
                    - 69
                    - 8
                    - 168
                    - 168
                    - 109
                    - 211
                    - 229
                    - 87
                    - 45
                    - 217
                    - 170
                    - 18
                    - 90
                    - 180
            snd:
                type: Buffer
                data:
                    - 111
                    - 51
                    - 246
                    - 133
                    - 142
                    - 28
                    - 12
                    - 15
                    - 51
                    - 218
                    - 96
                    - 66
                    - 121
                    - 38
                    - 122
                    - 205
                    - 248
                    - 192
                    - 150
                    - 60
                    - 238
                    - 115
                    - 206
                    - 172
                    - 4
                    - 14
                    - 46
                    - 100
                    - 234
                    - 147
                    - 115
                    - 164
            type: pay
